[debug] [2026-02-20T19:26:11.917Z] ----------------------------------------------------------------------
[debug] [2026-02-20T19:26:11.919Z] Command:       C:\Program Files\nodejs\node.exe C:\Users\taniv\AppData\Roaming\npm\node_modules\firebase-tools\lib\bin\firebase.js emulators:start --only functions
[debug] [2026-02-20T19:26:11.920Z] CLI Version:   15.6.0
[debug] [2026-02-20T19:26:11.920Z] Platform:      win32
[debug] [2026-02-20T19:26:11.920Z] Node Version:  v22.19.0
[debug] [2026-02-20T19:26:11.921Z] Time:          Sat Feb 21 2026 03:26:11 GMT+0800 (Malaysia Time)
[debug] [2026-02-20T19:26:11.921Z] ----------------------------------------------------------------------
[debug] 
[error] !!  functions: Failed to start Functions emulator: codebase source must be specified. Must specify either 'source' or 'remoteSource' in a functions config. {"metadata":{"emulator":{"name":"functions"},"message":"Failed to start Functions emulator: codebase source must be specified. Must specify either 'source' or 'remoteSource' in a functions config."}}
[debug] [2026-02-20T19:26:12.796Z] > command requires scopes: ["email","openid","https://www.googleapis.com/auth/cloudplatformprojects.readonly","https://www.googleapis.com/auth/firebase","https://www.googleapis.com/auth/cloud-platform"]
[debug] [2026-02-20T19:26:12.796Z] > authorizing via signed-in user (tanivan093@gmail.com)
[warn] !  Could not find config (firebase.json) so using defaults. 
[info] i  emulators: Starting emulators: functions {"metadata":{"emulator":{"name":"hub"},"message":"Starting emulators: functions"}}
[info] i  emulators: Detected demo project ID "demo-no-project", emulated services will use a demo configuration and attempts to access non-emulated services for this project will fail. {"metadata":{"emulator":{"name":"hub"},"message":"Detected demo project ID \"demo-no-project\", emulated services will use a demo configuration and attempts to access non-emulated services for this project will fail."}}
[warn] !  hub: emulator hub unable to start on port 4400, starting on 4401 instead. {"metadata":{"emulator":{"name":"hub"},"message":"emulator hub unable to start on port 4400, starting on 4401 instead."}}
[warn] !  ui: Emulator UI unable to start on port 4000, starting on 4001 instead. {"metadata":{"emulator":{"name":"ui"},"message":"Emulator UI unable to start on port 4000, starting on 4001 instead."}}
[warn] !  logging: Logging Emulator unable to start on port 4500, starting on 4501 instead. {"metadata":{"emulator":{"name":"logging"},"message":"Logging Emulator unable to start on port 4500, starting on 4501 instead."}}
[debug] [2026-02-20T19:26:12.803Z] [logging] Logging Emulator only supports listening on one address (127.0.0.1). Not listening on ::1
[debug] [2026-02-20T19:26:12.804Z] assigned listening specs for emulators {"user":{"hub":[{"address":"127.0.0.1","family":"IPv4","port":4401},{"address":"::1","family":"IPv6","port":4401}],"ui":[{"address":"127.0.0.1","family":"IPv4","port":4001},{"address":"::1","family":"IPv6","port":4001}],"logging":[{"address":"127.0.0.1","family":"IPv4","port":4501}]},"metadata":{"message":"assigned listening specs for emulators"}}
[debug] [2026-02-20T19:26:12.807Z] Write emulator hub locator at C:\Users\taniv\AppData\Local\Temp\hub-demo-no-project.json
[error] !!  functions: Failed to start Functions emulator: codebase source must be specified. Must specify either 'source' or 'remoteSource' in a functions config. {"metadata":{"emulator":{"name":"functions"},"message":"Failed to start Functions emulator: codebase source must be specified. Must specify either 'source' or 'remoteSource' in a functions config."}}
[debug] [2026-02-20T19:26:12.831Z] Could not find VSCode notification endpoint: FetchError: request to http://localhost:40001/vscode/notify failed, reason: . If you are not running the Firebase Data Connect VSCode extension, this is expected and not an issue.
[info] 
┌─────────────────────────────────────────────────────────────┐
│ ✔  All emulators ready! It is now safe to connect your app. │
│ i  View Emulator UI at http://127.0.0.1:4001/               │
└─────────────────────────────────────────────────────────────┘

┌───────────┬──────────────────────────────────┬─────────────────────┐
│ Emulator  │ Host:Port                        │ View in Emulator UI │
├───────────┼──────────────────────────────────┼─────────────────────┤
│ Functions │ Failed to initialize (see above) │                     │
└───────────┴──────────────────────────────────┴─────────────────────┘
  Emulator Hub host: 127.0.0.1 port: 4401
  Other reserved ports: 4501

Issues? Report them at https://github.com/firebase/firebase-tools/issues and attach the *-debug.log files.
 
[debug] [2026-02-20T19:26:28.018Z] Received signal SIGHUP 1
[info]  
[info] i  emulators: Received SIGHUP for the first time. Starting a clean shutdown. 
[info] i  emulators: Please wait for a clean shutdown or send the SIGHUP signal again to stop right now. 
[info] i  emulators: Shutting down emulators. {"metadata":{"emulator":{"name":"hub"},"message":"Shutting down emulators."}}
[info] i  ui: Stopping Emulator UI {"metadata":{"emulator":{"name":"ui"},"message":"Stopping Emulator UI"}}
[info] i  hub: Stopping emulator hub {"metadata":{"emulator":{"name":"hub"},"message":"Stopping emulator hub"}}
[info] i  logging: Stopping Logging Emulator {"metadata":{"emulator":{"name":"logging"},"message":"Stopping Logging Emulator"}}
[debug] [2026-02-20T19:26:28.030Z] Could not find VSCode notification endpoint: FetchError: request to http://localhost:40001/vscode/notify failed, reason: . If you are not running the Firebase Data Connect VSCode extension, this is expected and not an issue.
